C:\USERS\BORIS\DOCUMENTS\COURS\BOIDS OPENGL\CONSOLEAPPLICATION1\CONSOLEAPPLICATION1\DEBUG\CONSOLEAPPLICATION1.PCH
C:\USERS\BORIS\DOCUMENTS\COURS\BOIDS OPENGL\CONSOLEAPPLICATION1\CONSOLEAPPLICATION1\DEBUG\STDAFX.OBJ
C:\USERS\BORIS\DOCUMENTS\COURS\BOIDS OPENGL\CONSOLEAPPLICATION1\CONSOLEAPPLICATION1\DEBUG\VC110.PDB
C:\USERS\BORIS\DOCUMENTS\COURS\BOIDS OPENGL\CONSOLEAPPLICATION1\CONSOLEAPPLICATION1\DEBUG\CONSOLEAPPLICATION1.OBJ
C:\USERS\BORIS\DOCUMENTS\COURS\BOIDS OPENGL\CONSOLEAPPLICATION1\DEBUG\CONSOLEAPPLICATION1.EXE
C:\USERS\BORIS\DOCUMENTS\COURS\BOIDS OPENGL\CONSOLEAPPLICATION1\DEBUG\CONSOLEAPPLICATION1.PDB
C:\Users\Boris\Documents\Cours\Boids OpenGL\ConsoleApplication1\ConsoleApplication1\Debug\ConsoleApplication1.obj
C:\Users\Boris\Documents\Cours\Boids OpenGL\ConsoleApplication1\ConsoleApplication1\Debug\stdafx.obj
C:\Users\Boris\Documents\Cours\Boids OpenGL\ConsoleApplication1\ConsoleApplication1\Debug\cl.command.1.tlog
C:\Users\Boris\Documents\Cours\Boids OpenGL\ConsoleApplication1\ConsoleApplication1\Debug\CL.read.1.tlog
C:\Users\Boris\Documents\Cours\Boids OpenGL\ConsoleApplication1\ConsoleApplication1\Debug\CL.write.1.tlog
C:\Users\Boris\Documents\Cours\Boids OpenGL\ConsoleApplication1\ConsoleApplication1\Debug\link-cvtres.read.1.tlog
C:\Users\Boris\Documents\Cours\Boids OpenGL\ConsoleApplication1\ConsoleApplication1\Debug\link-cvtres.write.1.tlog
C:\Users\Boris\Documents\Cours\Boids OpenGL\ConsoleApplication1\ConsoleApplication1\Debug\link-rc.read.1.tlog
C:\Users\Boris\Documents\Cours\Boids OpenGL\ConsoleApplication1\ConsoleApplication1\Debug\link-rc.write.1.tlog
C:\Users\Boris\Documents\Cours\Boids OpenGL\ConsoleApplication1\ConsoleApplication1\Debug\link.command.1.tlog
C:\Users\Boris\Documents\Cours\Boids OpenGL\ConsoleApplication1\ConsoleApplication1\Debug\link.read.1.tlog
C:\Users\Boris\Documents\Cours\Boids OpenGL\ConsoleApplication1\ConsoleApplication1\Debug\link.write.1.tlog
C:\Users\Boris\Documents\Cours\Boids OpenGL\ConsoleApplication1\ConsoleApplication1\Debug\ConsoleApplication1.pch
C:\Users\Boris\Documents\Cours\Boids OpenGL\ConsoleApplication1\ConsoleApplication1\Debug\vc110.idb
C:\Users\Boris\Documents\Cours\Boids OpenGL\ConsoleApplication1\ConsoleApplication1\Debug\vc110.pdb
C:\Users\Boris\Documents\Cours\Boids OpenGL\ConsoleApplication1\Debug\ConsoleApplication1.pdb
C:\Users\Boris\Documents\Cours\Boids OpenGL\ConsoleApplication1\Debug\ConsoleApplication1.exe
